/tmp/ccy8Ss9D.o:(.data+0x0): multiple definition of `_sync_'
/tmp/ccq2tz5P.o:(.data+0x0): first defined here
/tmp/ccy8Ss9D.o:(.data+0x1): multiple definition of `_del_'
/tmp/ccq2tz5P.o:(.data+0x1): first defined here
/tmp/ccy8Ss9D.o:(.data+0x2): multiple definition of `_write_'
/tmp/ccq2tz5P.o:(.data+0x2): first defined here
/tmp/ccq2tz5P.o: In function `Master::serve(std::__cxx11::basic_string<char, std::char_traits<char>, std::allocator<char> >)':
master.cpp:(.text+0xb26): undefined reference to `pthread_create'
/tmp/ccq2tz5P.o: In function `Master::run(std::vector<std::__cxx11::basic_string<char, std::char_traits<char>, std::allocator<char> >, std::allocator<std::__cxx11::basic_string<char, std::char_traits<char>, std::allocator<char> > > >)':
master.cpp:(.text+0xeb2): undefined reference to `pthread_create'
/tmp/ccq2tz5P.o: In function `Master::adjust()':
master.cpp:(.text+0x1208): undefined reference to `std::experimental::filesystem::v1::__cxx11::path::_M_split_cmpts()'
master.cpp:(.text+0x1214): undefined reference to `std::experimental::filesystem::v1::resize_file(std::experimental::filesystem::v1::__cxx11::path const&, unsigned long)'
master.cpp:(.text+0x16f7): undefined reference to `std::experimental::filesystem::v1::__cxx11::path::_M_split_cmpts()'
master.cpp:(.text+0x1703): undefined reference to `std::experimental::filesystem::v1::resize_file(std::experimental::filesystem::v1::__cxx11::path const&, unsigned long)'
master.cpp:(.text+0x19cb): undefined reference to `std::experimental::filesystem::v1::__cxx11::path::_M_split_cmpts()'
master.cpp:(.text+0x19d7): undefined reference to `std::experimental::filesystem::v1::resize_file(std::experimental::filesystem::v1::__cxx11::path const&, unsigned long)'
master.cpp:(.text+0x1cae): undefined reference to `std::experimental::filesystem::v1::__cxx11::path::_M_split_cmpts()'
master.cpp:(.text+0x1cba): undefined reference to `std::experimental::filesystem::v1::resize_file(std::experimental::filesystem::v1::__cxx11::path const&, unsigned long)'
collect2: error: ld returned 1 exit status
make: *** [final] Error 1
