In file included from ./include/master.hpp:6:0,
                 from src/master.cpp:1:
./include/Core/Merge.hpp: In function ‘void merge_files(FILE*, FILE*, FILE*) [with K = K; V = V]’:
./include/Core/Merge.hpp:54:7: warning: ignoring return value of ‘size_t fread(void*, size_t, size_t, FILE*)’, declared with attribute warn_unused_result [-Wunused-result]
  fread(time_str1, 1, sz_k + sz_v, oldest1);
  ~~~~~^~~~~~~~~~~~~~~~~~~~~~~~~~~~~~~~~~~~
./include/Core/Merge.hpp:57:7: warning: ignoring return value of ‘size_t fread(void*, size_t, size_t, FILE*)’, declared with attribute warn_unused_result [-Wunused-result]
  fread(time_str2, 1, sz_k + sz_v, oldest2);
  ~~~~~^~~~~~~~~~~~~~~~~~~~~~~~~~~~~~~~~~~~
./include/Core/Merge.hpp:81:7: warning: ignoring return value of ‘size_t fread(void*, size_t, size_t, FILE*)’, declared with attribute warn_unused_result [-Wunused-result]
  fread(&entry1k, sz_k, 1, oldest1);
  ~~~~~^~~~~~~~~~~~~~~~~~~~~~~~~~~~
./include/Core/Merge.hpp:82:7: warning: ignoring return value of ‘size_t fread(void*, size_t, size_t, FILE*)’, declared with attribute warn_unused_result [-Wunused-result]
  fread(&entry1v, sz_v, 1, oldest1);
  ~~~~~^~~~~~~~~~~~~~~~~~~~~~~~~~~~
./include/Core/Merge.hpp:83:7: warning: ignoring return value of ‘size_t fread(void*, size_t, size_t, FILE*)’, declared with attribute warn_unused_result [-Wunused-result]
  fread(&entry2k, sz_k, 1, oldest2);
  ~~~~~^~~~~~~~~~~~~~~~~~~~~~~~~~~~
./include/Core/Merge.hpp:84:7: warning: ignoring return value of ‘size_t fread(void*, size_t, size_t, FILE*)’, declared with attribute warn_unused_result [-Wunused-result]
  fread(&entry2v, sz_v, 1, oldest2);
  ~~~~~^~~~~~~~~~~~~~~~~~~~~~~~~~~~
./include/Core/Merge.hpp:97:9: warning: ignoring return value of ‘size_t fread(void*, size_t, size_t, FILE*)’, declared with attribute warn_unused_result [-Wunused-result]
    fread(&entry1k, sz_k, 1, oldest1);
    ~~~~~^~~~~~~~~~~~~~~~~~~~~~~~~~~~
./include/Core/Merge.hpp:98:9: warning: ignoring return value of ‘size_t fread(void*, size_t, size_t, FILE*)’, declared with attribute warn_unused_result [-Wunused-result]
    fread(&entry1v, sz_v, 1, oldest1);
    ~~~~~^~~~~~~~~~~~~~~~~~~~~~~~~~~~
./include/Core/Merge.hpp:109:9: warning: ignoring return value of ‘size_t fread(void*, size_t, size_t, FILE*)’, declared with attribute warn_unused_result [-Wunused-result]
    fread(&entry2k, sz_k, 1, oldest2);
    ~~~~~^~~~~~~~~~~~~~~~~~~~~~~~~~~~
./include/Core/Merge.hpp:110:9: warning: ignoring return value of ‘size_t fread(void*, size_t, size_t, FILE*)’, declared with attribute warn_unused_result [-Wunused-result]
    fread(&entry2v, sz_v, 1, oldest2);
    ~~~~~^~~~~~~~~~~~~~~~~~~~~~~~~~~~
./include/Core/Merge.hpp:120:9: warning: ignoring return value of ‘size_t fread(void*, size_t, size_t, FILE*)’, declared with attribute warn_unused_result [-Wunused-result]
    fread(&entry1k, sz_k, 1, oldest1);
    ~~~~~^~~~~~~~~~~~~~~~~~~~~~~~~~~~
./include/Core/Merge.hpp:121:9: warning: ignoring return value of ‘size_t fread(void*, size_t, size_t, FILE*)’, declared with attribute warn_unused_result [-Wunused-result]
    fread(&entry1v, sz_v, 1, oldest1);
    ~~~~~^~~~~~~~~~~~~~~~~~~~~~~~~~~~
./include/Core/Merge.hpp:122:9: warning: ignoring return value of ‘size_t fread(void*, size_t, size_t, FILE*)’, declared with attribute warn_unused_result [-Wunused-result]
    fread(&entry2k, sz_k, 1, oldest2);
    ~~~~~^~~~~~~~~~~~~~~~~~~~~~~~~~~~
./include/Core/Merge.hpp:123:9: warning: ignoring return value of ‘size_t fread(void*, size_t, size_t, FILE*)’, declared with attribute warn_unused_result [-Wunused-result]
    fread(&entry2v, sz_v, 1, oldest2);
    ~~~~~^~~~~~~~~~~~~~~~~~~~~~~~~~~~
./include/Core/Merge.hpp:137:8: warning: ignoring return value of ‘size_t fread(void*, size_t, size_t, FILE*)’, declared with attribute warn_unused_result [-Wunused-result]
   fread(&entry1k, sz_k, 1, oldest1);
   ~~~~~^~~~~~~~~~~~~~~~~~~~~~~~~~~~
./include/Core/Merge.hpp:138:8: warning: ignoring return value of ‘size_t fread(void*, size_t, size_t, FILE*)’, declared with attribute warn_unused_result [-Wunused-result]
   fread(&entry1v, sz_v, 1, oldest1);
   ~~~~~^~~~~~~~~~~~~~~~~~~~~~~~~~~~
./include/Core/Merge.hpp:152:8: warning: ignoring return value of ‘size_t fread(void*, size_t, size_t, FILE*)’, declared with attribute warn_unused_result [-Wunused-result]
   fread(&entry2k, sz_k, 1, oldest2);
   ~~~~~^~~~~~~~~~~~~~~~~~~~~~~~~~~~
./include/Core/Merge.hpp:153:8: warning: ignoring return value of ‘size_t fread(void*, size_t, size_t, FILE*)’, declared with attribute warn_unused_result [-Wunused-result]
   fread(&entry2v, sz_v, 1, oldest2);
   ~~~~~^~~~~~~~~~~~~~~~~~~~~~~~~~~~
src/master.cpp: In constructor ‘Master::Master()’:
src/master.cpp:179:7: warning: ignoring return value of ‘size_t fread(void*, size_t, size_t, FILE*)’, declared with attribute warn_unused_result [-Wunused-result]
  fread(time_str0, 1, 128, zeroth);
  ~~~~~^~~~~~~~~~~~~~~~~~~~~~~~~~~
src/master.cpp:189:8: warning: ignoring return value of ‘size_t fread(void*, size_t, size_t, FILE*)’, declared with attribute warn_unused_result [-Wunused-result]
   fread(time_stri, 1, 128, ith);
   ~~~~~^~~~~~~~~~~~~~~~~~~~~~~~
In file included from ./include/master.hpp:4:0,
                 from src/master.cpp:1:
./include/RBTree/rbtree.hpp: In member function ‘void BinaryTree<K, V>::fromFile(std::__cxx11::string) [with K = K; V = V]’:
./include/RBTree/rbtree.hpp:153:14: warning: ignoring return value of ‘size_t fread(void*, size_t, size_t, FILE*)’, declared with attribute warn_unused_result [-Wunused-result]
         fread(buff, entry_size, 1, backup);
         ~~~~~^~~~~~~~~~~~~~~~~~~~~~~~~~~~~
./include/RBTree/rbtree.hpp:164:14: warning: ignoring return value of ‘size_t fread(void*, size_t, size_t, FILE*)’, declared with attribute warn_unused_result [-Wunused-result]
         fread(buff, entry_size, 1, backup);
         ~~~~~^~~~~~~~~~~~~~~~~~~~~~~~~~~~~
